<?xml version="1.0" encoding="UTF-8"?>
<!-- Generated by org.testng.reporters.JUnitXMLReporter -->
<testsuite ignored="1" hostname="aj-pc" failures="0" tests="1" name="Test" time="8.351" errors="0" timestamp="2022-12-18T13:02:17 IST">
  <testcase classname="com.tutorialninja_testcases.tutorialninja_login" name="loginWith_Valid_Credentials" time="0.803"/>
  <testcase classname="com.tutorialninja_testcases.tutorialninja_login" name="loginWith_InvalidCredentails" time="0.0">
    <ignored/>
  </testcase> <!-- loginWith_InvalidCredentails -->
</testsuite> <!-- Test -->
