<?xml version="1.0" encoding="UTF-8"?>
<!-- Generated by org.testng.reporters.JUnitXMLReporter -->
<testsuite ignored="1" hostname="DESKTOP-9BN1Q89" failures="0" tests="1" name="Test1" time="5.656" errors="0" timestamp="2022-12-26T11:46:09 IST">
  <testcase classname="com.tutorialninja_testcases.tutorialninja_login" name="loginWith_InvalidCredentails" time="2.135"/>
  <testcase classname="com.tutorialninja_testcases.tutorialninja_login" name="loginWith_Valid_Credentials" time="0.0">
    <ignored/>
  </testcase> <!-- loginWith_Valid_Credentials -->
</testsuite> <!-- Test1 -->
